{"/Users/tomking/Desktop/Turing/Module3/swapi-box/src/setupTests.js": {"path":"/Users/tomking/Desktop/Turing/Module3/swapi-box/src/setupTests.js","statementMap":{"0":{"start":{"line":6,"column":0},"end":{"line":6,"column":65}},"1":{"start":{"line":8,"column":0},"end":{"line":8,"column":45}},"2":{"start":{"line":12,"column":4},"end":{"line":12,"column":20}},"3":{"start":{"line":16,"column":4},"end":{"line":16,"column":27}},"4":{"start":{"line":20,"column":4},"end":{"line":20,"column":39}},"5":{"start":{"line":24,"column":4},"end":{"line":24,"column":20}},"6":{"start":{"line":28,"column":0},"end":{"line":28,"column":41}},"7":{"start":{"line":29,"column":0},"end":{"line":29,"column":25}},"8":{"start":{"line":30,"column":0},"end":{"line":30,"column":23}},"9":{"start":{"line":31,"column":0},"end":{"line":31,"column":21}}},"fnMap":{"0":{"name":"(anonymous_0)","decl":{"start":{"line":11,"column":2},"end":{"line":11,"column":3}},"loc":{"start":{"line":11,"column":16},"end":{"line":13,"column":3}},"line":11},"1":{"name":"(anonymous_1)","decl":{"start":{"line":15,"column":12},"end":{"line":15,"column":13}},"loc":{"start":{"line":15,"column":19},"end":{"line":17,"column":3}},"line":15},"2":{"name":"(anonymous_2)","decl":{"start":{"line":19,"column":12},"end":{"line":19,"column":13}},"loc":{"start":{"line":19,"column":30},"end":{"line":21,"column":3}},"line":19},"3":{"name":"(anonymous_3)","decl":{"start":{"line":23,"column":2},"end":{"line":23,"column":3}},"loc":{"start":{"line":23,"column":10},"end":{"line":25,"column":3}},"line":23}},"branchMap":{},"s":{"0":8,"1":8,"2":8,"3":74,"4":5,"5":24,"6":8,"7":8,"8":8,"9":8},"f":{"0":8,"1":74,"2":5,"3":24},"b":{},"_coverageSchema":"332fd63041d2c1bcb487cc26dd0d5f7d97098a6c","hash":"21b49aaa6c06251c1fda0fe1d2c70558c66d9d97"}
,"/Users/tomking/Desktop/Turing/Module3/swapi-box/src/MockData/MockData.js": {"path":"/Users/tomking/Desktop/Turing/Module3/swapi-box/src/MockData/MockData.js","statementMap":{"0":{"start":{"line":1,"column":30},"end":{"line":59,"column":1}},"1":{"start":{"line":61,"column":27},"end":{"line":265,"column":1}},"2":{"start":{"line":266,"column":26},"end":{"line":629,"column":1}},"3":{"start":{"line":630,"column":28},"end":{"line":825,"column":1}},"4":{"start":{"line":827,"column":33},"end":{"line":906,"column":1}},"5":{"start":{"line":908,"column":32},"end":{"line":927,"column":1}},"6":{"start":{"line":929,"column":33},"end":{"line":946,"column":1}},"7":{"start":{"line":948,"column":34},"end":{"line":965,"column":1}},"8":{"start":{"line":967,"column":27},"end":{"line":991,"column":1}},"9":{"start":{"line":993,"column":29},"end":{"line":1005,"column":1}}},"fnMap":{},"branchMap":{},"s":{"0":3,"1":3,"2":3,"3":3,"4":3,"5":3,"6":3,"7":3,"8":3,"9":3},"f":{},"b":{},"_coverageSchema":"332fd63041d2c1bcb487cc26dd0d5f7d97098a6c","hash":"4dce21b0dd862672c5c9165cbb112b6426dd02d1"}
,"/Users/tomking/Desktop/Turing/Module3/swapi-box/src/components/App/index.js": {"path":"/Users/tomking/Desktop/Turing/Module3/swapi-box/src/components/App/index.js","statementMap":{"0":{"start":{"line":10,"column":4},"end":{"line":10,"column":12}},"1":{"start":{"line":11,"column":4},"end":{"line":21,"column":6}},"2":{"start":{"line":25,"column":29},"end":{"line":25,"column":58}},"3":{"start":{"line":26,"column":4},"end":{"line":26,"column":41}},"4":{"start":{"line":27,"column":4},"end":{"line":27,"column":25}},"5":{"start":{"line":28,"column":4},"end":{"line":28,"column":35}},"6":{"start":{"line":32,"column":22},"end":{"line":32,"column":32}},"7":{"start":{"line":33,"column":4},"end":{"line":33,"column":23}},"8":{"start":{"line":33,"column":16},"end":{"line":33,"column":23}},"9":{"start":{"line":34,"column":28},"end":{"line":34,"column":75}},"10":{"start":{"line":34,"column":34},"end":{"line":34,"column":75}},"11":{"start":{"line":35,"column":27},"end":{"line":35,"column":51}},"12":{"start":{"line":36,"column":4},"end":{"line":36,"column":38}},"13":{"start":{"line":40,"column":20},"end":{"line":40,"column":24}},"14":{"start":{"line":41,"column":23},"end":{"line":41,"column":40}},"15":{"start":{"line":42,"column":4},"end":{"line":42,"column":40}},"16":{"start":{"line":44,"column":6},"end":{"line":46,"column":15}},"17":{"start":{"line":47,"column":4},"end":{"line":49,"column":5}},"18":{"start":{"line":48,"column":6},"end":{"line":48,"column":29}},"19":{"start":{"line":51,"column":4},"end":{"line":51,"column":31}},"20":{"start":{"line":51,"column":24},"end":{"line":51,"column":31}},"21":{"start":{"line":52,"column":4},"end":{"line":57,"column":5}},"22":{"start":{"line":53,"column":21},"end":{"line":53,"column":58}},"23":{"start":{"line":54,"column":6},"end":{"line":54,"column":48}},"24":{"start":{"line":56,"column":6},"end":{"line":56,"column":52}},"25":{"start":{"line":61,"column":4},"end":{"line":63,"column":5}},"26":{"start":{"line":62,"column":6},"end":{"line":62,"column":62}},"27":{"start":{"line":67,"column":23},"end":{"line":67,"column":31}},"28":{"start":{"line":68,"column":4},"end":{"line":68,"column":47}},"29":{"start":{"line":69,"column":4},"end":{"line":69,"column":37}},"30":{"start":{"line":74,"column":4},"end":{"line":80,"column":5}},"31":{"start":{"line":75,"column":6},"end":{"line":75,"column":54}},"32":{"start":{"line":77,"column":6},"end":{"line":79,"column":8}},"33":{"start":{"line":78,"column":16},"end":{"line":78,"column":43}},"34":{"start":{"line":81,"column":4},"end":{"line":81,"column":33}},"35":{"start":{"line":82,"column":4},"end":{"line":82,"column":65}},"36":{"start":{"line":86,"column":42},"end":{"line":86,"column":52}},"37":{"start":{"line":87,"column":24},"end":{"line":87,"column":58}},"38":{"start":{"line":88,"column":20},"end":{"line":88,"column":31}},"39":{"start":{"line":90,"column":4},"end":{"line":99,"column":5}},"40":{"start":{"line":92,"column":8},"end":{"line":92,"column":49}},"41":{"start":{"line":93,"column":8},"end":{"line":93,"column":14}},"42":{"start":{"line":95,"column":8},"end":{"line":95,"column":55}},"43":{"start":{"line":96,"column":8},"end":{"line":96,"column":14}},"44":{"start":{"line":98,"column":8},"end":{"line":98,"column":15}},"45":{"start":{"line":101,"column":4},"end":{"line":101,"column":46}},"46":{"start":{"line":102,"column":4},"end":{"line":102,"column":47}},"47":{"start":{"line":106,"column":4},"end":{"line":109,"column":5}},"48":{"start":{"line":107,"column":24},"end":{"line":107,"column":69}},"49":{"start":{"line":108,"column":6},"end":{"line":108,"column":35}},"50":{"start":{"line":110,"column":4},"end":{"line":110,"column":11}},"51":{"start":{"line":121,"column":8},"end":{"line":121,"column":18}},"52":{"start":{"line":123,"column":4},"end":{"line":140,"column":6}}},"fnMap":{"0":{"name":"(anonymous_0)","decl":{"start":{"line":9,"column":2},"end":{"line":9,"column":3}},"loc":{"start":{"line":9,"column":16},"end":{"line":22,"column":3}},"line":9},"1":{"name":"(anonymous_1)","decl":{"start":{"line":24,"column":2},"end":{"line":24,"column":3}},"loc":{"start":{"line":24,"column":28},"end":{"line":29,"column":3}},"line":24},"2":{"name":"(anonymous_2)","decl":{"start":{"line":31,"column":18},"end":{"line":31,"column":19}},"loc":{"start":{"line":31,"column":24},"end":{"line":37,"column":3}},"line":31},"3":{"name":"(anonymous_3)","decl":{"start":{"line":34,"column":28},"end":{"line":34,"column":29}},"loc":{"start":{"line":34,"column":34},"end":{"line":34,"column":75}},"line":34},"4":{"name":"(anonymous_4)","decl":{"start":{"line":39,"column":12},"end":{"line":39,"column":13}},"loc":{"start":{"line":39,"column":35},"end":{"line":58,"column":3}},"line":39},"5":{"name":"(anonymous_5)","decl":{"start":{"line":60,"column":21},"end":{"line":60,"column":22}},"loc":{"start":{"line":60,"column":31},"end":{"line":64,"column":3}},"line":60},"6":{"name":"(anonymous_6)","decl":{"start":{"line":66,"column":20},"end":{"line":66,"column":21}},"loc":{"start":{"line":66,"column":32},"end":{"line":70,"column":3}},"line":66},"7":{"name":"(anonymous_7)","decl":{"start":{"line":72,"column":20},"end":{"line":72,"column":21}},"loc":{"start":{"line":72,"column":32},"end":{"line":83,"column":3}},"line":72},"8":{"name":"(anonymous_8)","decl":{"start":{"line":78,"column":8},"end":{"line":78,"column":9}},"loc":{"start":{"line":78,"column":16},"end":{"line":78,"column":43}},"line":78},"9":{"name":"(anonymous_9)","decl":{"start":{"line":85,"column":15},"end":{"line":85,"column":16}},"loc":{"start":{"line":85,"column":32},"end":{"line":103,"column":3}},"line":85},"10":{"name":"(anonymous_10)","decl":{"start":{"line":105,"column":28},"end":{"line":105,"column":29}},"loc":{"start":{"line":105,"column":34},"end":{"line":111,"column":3}},"line":105},"11":{"name":"(anonymous_11)","decl":{"start":{"line":113,"column":2},"end":{"line":113,"column":3}},"loc":{"start":{"line":113,"column":11},"end":{"line":141,"column":3}},"line":113}},"branchMap":{"0":{"loc":{"start":{"line":33,"column":4},"end":{"line":33,"column":23}},"type":"if","locations":[{"start":{"line":33,"column":4},"end":{"line":33,"column":23}},{"start":{"line":33,"column":4},"end":{"line":33,"column":23}}],"line":33},"1":{"loc":{"start":{"line":44,"column":6},"end":{"line":46,"column":15}},"type":"cond-expr","locations":[{"start":{"line":45,"column":10},"end":{"line":45,"column":14}},{"start":{"line":46,"column":10},"end":{"line":46,"column":15}}],"line":44},"2":{"loc":{"start":{"line":44,"column":6},"end":{"line":44,"column":67}},"type":"binary-expr","locations":[{"start":{"line":44,"column":6},"end":{"line":44,"column":39}},{"start":{"line":44,"column":43},"end":{"line":44,"column":67}}],"line":44},"3":{"loc":{"start":{"line":47,"column":4},"end":{"line":49,"column":5}},"type":"if","locations":[{"start":{"line":47,"column":4},"end":{"line":49,"column":5}},{"start":{"line":47,"column":4},"end":{"line":49,"column":5}}],"line":47},"4":{"loc":{"start":{"line":51,"column":4},"end":{"line":51,"column":31}},"type":"if","locations":[{"start":{"line":51,"column":4},"end":{"line":51,"column":31}},{"start":{"line":51,"column":4},"end":{"line":51,"column":31}}],"line":51},"5":{"loc":{"start":{"line":61,"column":4},"end":{"line":63,"column":5}},"type":"if","locations":[{"start":{"line":61,"column":4},"end":{"line":63,"column":5}},{"start":{"line":61,"column":4},"end":{"line":63,"column":5}}],"line":61},"6":{"loc":{"start":{"line":74,"column":4},"end":{"line":80,"column":5}},"type":"if","locations":[{"start":{"line":74,"column":4},"end":{"line":80,"column":5}},{"start":{"line":74,"column":4},"end":{"line":80,"column":5}}],"line":74},"7":{"loc":{"start":{"line":90,"column":4},"end":{"line":99,"column":5}},"type":"switch","locations":[{"start":{"line":91,"column":6},"end":{"line":93,"column":14}},{"start":{"line":94,"column":6},"end":{"line":96,"column":14}},{"start":{"line":97,"column":6},"end":{"line":98,"column":15}}],"line":90},"8":{"loc":{"start":{"line":92,"column":8},"end":{"line":92,"column":48}},"type":"cond-expr","locations":[{"start":{"line":92,"column":21},"end":{"line":92,"column":34}},{"start":{"line":92,"column":37},"end":{"line":92,"column":48}}],"line":92},"9":{"loc":{"start":{"line":95,"column":8},"end":{"line":95,"column":54}},"type":"cond-expr","locations":[{"start":{"line":95,"column":25},"end":{"line":95,"column":36}},{"start":{"line":95,"column":40},"end":{"line":95,"column":54}}],"line":95},"10":{"loc":{"start":{"line":106,"column":4},"end":{"line":109,"column":5}},"type":"if","locations":[{"start":{"line":106,"column":4},"end":{"line":109,"column":5}},{"start":{"line":106,"column":4},"end":{"line":109,"column":5}}],"line":106},"11":{"loc":{"start":{"line":131,"column":9},"end":{"line":131,"column":67}},"type":"binary-expr","locations":[{"start":{"line":131,"column":9},"end":{"line":131,"column":23}},{"start":{"line":131,"column":27},"end":{"line":131,"column":67}}],"line":131}},"s":{"0":61,"1":61,"2":61,"3":61,"4":59,"5":59,"6":61,"7":61,"8":5,"9":56,"10":56,"11":56,"12":56,"13":80,"14":80,"15":80,"16":80,"17":80,"18":77,"19":80,"20":1,"21":79,"22":79,"23":72,"24":5,"25":81,"26":69,"27":1,"28":1,"29":1,"30":4,"31":3,"32":1,"33":3,"34":4,"35":4,"36":14,"37":14,"38":14,"39":14,"40":7,"41":7,"42":5,"43":5,"44":2,"45":12,"46":12,"47":61,"48":11,"49":11,"50":61,"51":301,"52":301},"f":{"0":61,"1":61,"2":61,"3":56,"4":80,"5":81,"6":1,"7":4,"8":3,"9":14,"10":61,"11":301},"b":{"0":[5,56],"1":[3,77],"2":[80,77],"3":[77,3],"4":[1,79],"5":[69,12],"6":[3,1],"7":[7,5,2],"8":[2,5],"9":[1,4],"10":[11,50],"11":[301,69]},"_coverageSchema":"332fd63041d2c1bcb487cc26dd0d5f7d97098a6c","hash":"e64994aa55bcac737d01f9b77768fec002635c19"}
,"/Users/tomking/Desktop/Turing/Module3/swapi-box/src/components/BackgroundScroll/index.js": {"path":"/Users/tomking/Desktop/Turing/Module3/swapi-box/src/components/BackgroundScroll/index.js","statementMap":{"0":{"start":{"line":5,"column":32},"end":{"line":27,"column":1}},"1":{"start":{"line":12,"column":2},"end":{"line":26,"column":4}},"2":{"start":{"line":29,"column":0},"end":{"line":34,"column":2}}},"fnMap":{"0":{"name":"(anonymous_0)","decl":{"start":{"line":5,"column":32},"end":{"line":5,"column":33}},"loc":{"start":{"line":10,"column":6},"end":{"line":27,"column":1}},"line":10}},"branchMap":{},"s":{"0":2,"1":2,"2":2},"f":{"0":2},"b":{},"_coverageSchema":"332fd63041d2c1bcb487cc26dd0d5f7d97098a6c","hash":"c86e4b0bc49e045e8abb75d00645035139b6ea76"}
,"/Users/tomking/Desktop/Turing/Module3/swapi-box/src/components/CardContainer/index.js": {"path":"/Users/tomking/Desktop/Turing/Module3/swapi-box/src/components/CardContainer/index.js","statementMap":{"0":{"start":{"line":6,"column":29},"end":{"line":38,"column":1}},"1":{"start":{"line":14,"column":2},"end":{"line":19,"column":3}},"2":{"start":{"line":15,"column":4},"end":{"line":18,"column":18}},"3":{"start":{"line":20,"column":2},"end":{"line":20,"column":174}},"4":{"start":{"line":20,"column":13},"end":{"line":20,"column":174}},"5":{"start":{"line":22,"column":16},"end":{"line":27,"column":4}},"6":{"start":{"line":23,"column":4},"end":{"line":23,"column":55}},"7":{"start":{"line":24,"column":4},"end":{"line":26,"column":6}},"8":{"start":{"line":29,"column":2},"end":{"line":37,"column":4}},"9":{"start":{"line":32,"column":57},"end":{"line":32,"column":74}},"10":{"start":{"line":33,"column":57},"end":{"line":33,"column":73}},"11":{"start":{"line":40,"column":48},"end":{"line":40,"column":57}},"12":{"start":{"line":42,"column":0},"end":{"line":48,"column":2}}},"fnMap":{"0":{"name":"(anonymous_0)","decl":{"start":{"line":6,"column":29},"end":{"line":6,"column":30}},"loc":{"start":{"line":12,"column":6},"end":{"line":38,"column":1}},"line":12},"1":{"name":"(anonymous_1)","decl":{"start":{"line":22,"column":25},"end":{"line":22,"column":26}},"loc":{"start":{"line":22,"column":42},"end":{"line":27,"column":3}},"line":22},"2":{"name":"(anonymous_2)","decl":{"start":{"line":32,"column":51},"end":{"line":32,"column":52}},"loc":{"start":{"line":32,"column":57},"end":{"line":32,"column":74}},"line":32},"3":{"name":"(anonymous_3)","decl":{"start":{"line":33,"column":51},"end":{"line":33,"column":52}},"loc":{"start":{"line":33,"column":57},"end":{"line":33,"column":73}},"line":33}},"branchMap":{"0":{"loc":{"start":{"line":14,"column":2},"end":{"line":19,"column":3}},"type":"if","locations":[{"start":{"line":14,"column":2},"end":{"line":19,"column":3}},{"start":{"line":14,"column":2},"end":{"line":19,"column":3}}],"line":14},"1":{"loc":{"start":{"line":14,"column":6},"end":{"line":14,"column":33}},"type":"binary-expr","locations":[{"start":{"line":14,"column":6},"end":{"line":14,"column":17}},{"start":{"line":14,"column":21},"end":{"line":14,"column":33}}],"line":14},"2":{"loc":{"start":{"line":20,"column":2},"end":{"line":20,"column":174}},"type":"if","locations":[{"start":{"line":20,"column":2},"end":{"line":20,"column":174}},{"start":{"line":20,"column":2},"end":{"line":20,"column":174}}],"line":20},"3":{"loc":{"start":{"line":30,"column":24},"end":{"line":30,"column":83}},"type":"cond-expr","locations":[{"start":{"line":30,"column":38},"end":{"line":30,"column":64}},{"start":{"line":30,"column":67},"end":{"line":30,"column":83}}],"line":30},"4":{"loc":{"start":{"line":35,"column":46},"end":{"line":35,"column":60}},"type":"binary-expr","locations":[{"start":{"line":35,"column":46},"end":{"line":35,"column":51}},{"start":{"line":35,"column":55},"end":{"line":35,"column":60}}],"line":35}},"s":{"0":3,"1":13,"2":2,"3":11,"4":1,"5":10,"6":15,"7":15,"8":10,"9":1,"10":1,"11":3,"12":3},"f":{"0":13,"1":15,"2":1,"3":1},"b":{"0":[2,11],"1":[13,4],"2":[1,10],"3":[2,8],"4":[10,10]},"_coverageSchema":"332fd63041d2c1bcb487cc26dd0d5f7d97098a6c","hash":"e6d76b3d46d239b08d21c930e5bf35f14a536fff"}
,"/Users/tomking/Desktop/Turing/Module3/swapi-box/src/components/ContentCard/index.js": {"path":"/Users/tomking/Desktop/Turing/Module3/swapi-box/src/components/ContentCard/index.js","statementMap":{"0":{"start":{"line":5,"column":27},"end":{"line":18,"column":1}},"1":{"start":{"line":6,"column":18},"end":{"line":11,"column":4}},"2":{"start":{"line":7,"column":4},"end":{"line":7,"column":35}},"3":{"start":{"line":7,"column":28},"end":{"line":7,"column":35}},"4":{"start":{"line":8,"column":4},"end":{"line":10,"column":60}},"5":{"start":{"line":12,"column":2},"end":{"line":17,"column":4}},"6":{"start":{"line":15,"column":48},"end":{"line":15,"column":69}},"7":{"start":{"line":20,"column":25},"end":{"line":20,"column":34}},"8":{"start":{"line":22,"column":0},"end":{"line":25,"column":2}}},"fnMap":{"0":{"name":"(anonymous_0)","decl":{"start":{"line":5,"column":27},"end":{"line":5,"column":28}},"loc":{"start":{"line":5,"column":58},"end":{"line":18,"column":1}},"line":5},"1":{"name":"(anonymous_1)","decl":{"start":{"line":6,"column":40},"end":{"line":6,"column":41}},"loc":{"start":{"line":6,"column":52},"end":{"line":11,"column":3}},"line":6},"2":{"name":"(anonymous_2)","decl":{"start":{"line":15,"column":42},"end":{"line":15,"column":43}},"loc":{"start":{"line":15,"column":48},"end":{"line":15,"column":69}},"line":15}},"branchMap":{"0":{"loc":{"start":{"line":7,"column":4},"end":{"line":7,"column":35}},"type":"if","locations":[{"start":{"line":7,"column":4},"end":{"line":7,"column":35}},{"start":{"line":7,"column":4},"end":{"line":7,"column":35}}],"line":7},"1":{"loc":{"start":{"line":8,"column":11},"end":{"line":10,"column":59}},"type":"cond-expr","locations":[{"start":{"line":9,"column":9},"end":{"line":9,"column":43}},{"start":{"line":10,"column":9},"end":{"line":10,"column":58}}],"line":8},"2":{"loc":{"start":{"line":10,"column":34},"end":{"line":10,"column":53}},"type":"binary-expr","locations":[{"start":{"line":10,"column":34},"end":{"line":10,"column":43}},{"start":{"line":10,"column":47},"end":{"line":10,"column":53}}],"line":10},"3":{"loc":{"start":{"line":13,"column":24},"end":{"line":13,"column":80}},"type":"cond-expr","locations":[{"start":{"line":13,"column":40},"end":{"line":13,"column":63}},{"start":{"line":13,"column":66},"end":{"line":13,"column":80}}],"line":13}},"s":{"0":4,"1":20,"2":72,"3":20,"4":52,"5":20,"6":1,"7":4,"8":4},"f":{"0":20,"1":72,"2":1},"b":{"0":[20,52],"1":[14,38],"2":[38,0],"3":[10,10]},"_coverageSchema":"332fd63041d2c1bcb487cc26dd0d5f7d97098a6c","hash":"fcbe6a323d6ddccdbd575d095e91b01b4e8e3494"}
,"/Users/tomking/Desktop/Turing/Module3/swapi-box/src/components/DataCleaner/DataCleaner.js": {"path":"/Users/tomking/Desktop/Turing/Module3/swapi-box/src/components/DataCleaner/DataCleaner.js","statementMap":{"0":{"start":{"line":1,"column":26},"end":{"line":9,"column":1}},"1":{"start":{"line":2,"column":22},"end":{"line":7,"column":3}},"2":{"start":{"line":8,"column":2},"end":{"line":8,"column":21}},"3":{"start":{"line":11,"column":28},"end":{"line":19,"column":1}},"4":{"start":{"line":12,"column":22},"end":{"line":17,"column":3}},"5":{"start":{"line":18,"column":2},"end":{"line":18,"column":21}},"6":{"start":{"line":21,"column":28},"end":{"line":30,"column":1}},"7":{"start":{"line":22,"column":22},"end":{"line":28,"column":3}},"8":{"start":{"line":29,"column":2},"end":{"line":29,"column":21}},"9":{"start":{"line":32,"column":29},"end":{"line":40,"column":1}},"10":{"start":{"line":33,"column":22},"end":{"line":38,"column":3}},"11":{"start":{"line":39,"column":2},"end":{"line":39,"column":21}}},"fnMap":{"0":{"name":"(anonymous_0)","decl":{"start":{"line":1,"column":26},"end":{"line":1,"column":27}},"loc":{"start":{"line":1,"column":34},"end":{"line":9,"column":1}},"line":1},"1":{"name":"(anonymous_1)","decl":{"start":{"line":11,"column":28},"end":{"line":11,"column":29}},"loc":{"start":{"line":11,"column":60},"end":{"line":19,"column":1}},"line":11},"2":{"name":"(anonymous_2)","decl":{"start":{"line":21,"column":28},"end":{"line":21,"column":29}},"loc":{"start":{"line":21,"column":51},"end":{"line":30,"column":1}},"line":21},"3":{"name":"(anonymous_3)","decl":{"start":{"line":32,"column":29},"end":{"line":32,"column":30}},"loc":{"start":{"line":32,"column":40},"end":{"line":40,"column":1}},"line":32}},"branchMap":{},"s":{"0":3,"1":672,"2":672,"3":3,"4":72,"5":72,"6":3,"7":2,"8":2,"9":3,"10":2,"11":2},"f":{"0":672,"1":72,"2":2,"3":2},"b":{},"_coverageSchema":"332fd63041d2c1bcb487cc26dd0d5f7d97098a6c","hash":"8af5adca553f9e0fb722bd800c1140113e539e58"}
,"/Users/tomking/Desktop/Turing/Module3/swapi-box/src/components/Fetch/FetchApi.js": {"path":"/Users/tomking/Desktop/Turing/Module3/swapi-box/src/components/Fetch/FetchApi.js","statementMap":{"0":{"start":{"line":8,"column":24},"end":{"line":19,"column":1}},"1":{"start":{"line":9,"column":18},"end":{"line":9,"column":22}},"2":{"start":{"line":10,"column":14},"end":{"line":10,"column":61}},"3":{"start":{"line":11,"column":19},"end":{"line":11,"column":35}},"4":{"start":{"line":12,"column":24},"end":{"line":12,"column":45}},"5":{"start":{"line":13,"column":22},"end":{"line":13,"column":35}},"6":{"start":{"line":15,"column":22},"end":{"line":17,"column":4}},"7":{"start":{"line":16,"column":4},"end":{"line":16,"column":39}},"8":{"start":{"line":18,"column":2},"end":{"line":18,"column":40}},"9":{"start":{"line":21,"column":29},"end":{"line":58,"column":1}},"10":{"start":{"line":23,"column":2},"end":{"line":56,"column":3}},"11":{"start":{"line":25,"column":20},"end":{"line":25,"column":44}},"12":{"start":{"line":26,"column":6},"end":{"line":26,"column":27}},"13":{"start":{"line":27,"column":6},"end":{"line":27,"column":12}},"14":{"start":{"line":30,"column":28},"end":{"line":30,"column":58}},"15":{"start":{"line":31,"column":22},"end":{"line":31,"column":48}},"16":{"start":{"line":32,"column":30},"end":{"line":32,"column":59}},"17":{"start":{"line":33,"column":24},"end":{"line":33,"column":52}},"18":{"start":{"line":34,"column":24},"end":{"line":34,"column":70}},"19":{"start":{"line":35,"column":6},"end":{"line":35,"column":31}},"20":{"start":{"line":36,"column":6},"end":{"line":36,"column":12}},"21":{"start":{"line":39,"column":24},"end":{"line":42,"column":8}},"22":{"start":{"line":40,"column":25},"end":{"line":40,"column":58}},"23":{"start":{"line":41,"column":8},"end":{"line":41,"column":29}},"24":{"start":{"line":43,"column":32},"end":{"line":43,"column":60}},"25":{"start":{"line":44,"column":24},"end":{"line":44,"column":69}},"26":{"start":{"line":45,"column":6},"end":{"line":45,"column":31}},"27":{"start":{"line":46,"column":6},"end":{"line":46,"column":12}},"28":{"start":{"line":49,"column":25},"end":{"line":49,"column":52}},"29":{"start":{"line":50,"column":6},"end":{"line":50,"column":32}},"30":{"start":{"line":51,"column":6},"end":{"line":51,"column":12}},"31":{"start":{"line":54,"column":6},"end":{"line":54,"column":23}},"32":{"start":{"line":57,"column":2},"end":{"line":57,"column":22}},"33":{"start":{"line":60,"column":30},"end":{"line":64,"column":1}},"34":{"start":{"line":61,"column":19},"end":{"line":61,"column":35}},"35":{"start":{"line":62,"column":19},"end":{"line":62,"column":40}},"36":{"start":{"line":63,"column":2},"end":{"line":63,"column":18}}},"fnMap":{"0":{"name":"(anonymous_0)","decl":{"start":{"line":8,"column":24},"end":{"line":8,"column":25}},"loc":{"start":{"line":8,"column":51},"end":{"line":19,"column":1}},"line":8},"1":{"name":"(anonymous_1)","decl":{"start":{"line":15,"column":34},"end":{"line":15,"column":35}},"loc":{"start":{"line":15,"column":44},"end":{"line":17,"column":3}},"line":15},"2":{"name":"(anonymous_2)","decl":{"start":{"line":21,"column":29},"end":{"line":21,"column":30}},"loc":{"start":{"line":21,"column":53},"end":{"line":58,"column":1}},"line":21},"3":{"name":"(anonymous_3)","decl":{"start":{"line":39,"column":45},"end":{"line":39,"column":46}},"loc":{"start":{"line":39,"column":66},"end":{"line":42,"column":7}},"line":39},"4":{"name":"(anonymous_4)","decl":{"start":{"line":60,"column":30},"end":{"line":60,"column":31}},"loc":{"start":{"line":60,"column":43},"end":{"line":64,"column":1}},"line":60}},"branchMap":{"0":{"loc":{"start":{"line":8,"column":37},"end":{"line":8,"column":46}},"type":"default-arg","locations":[{"start":{"line":8,"column":44},"end":{"line":8,"column":46}}],"line":8},"1":{"loc":{"start":{"line":23,"column":2},"end":{"line":56,"column":3}},"type":"switch","locations":[{"start":{"line":24,"column":4},"end":{"line":28,"column":5}},{"start":{"line":29,"column":4},"end":{"line":37,"column":5}},{"start":{"line":38,"column":4},"end":{"line":47,"column":5}},{"start":{"line":48,"column":4},"end":{"line":52,"column":5}},{"start":{"line":53,"column":4},"end":{"line":55,"column":5}}],"line":23}},"s":{"0":2,"1":82,"2":82,"3":82,"4":74,"5":74,"6":74,"7":740,"8":74,"9":2,"10":745,"11":671,"12":671,"13":671,"14":71,"15":71,"16":71,"17":71,"18":71,"19":71,"20":71,"21":1,"22":3,"23":3,"24":1,"25":1,"26":1,"27":1,"28":1,"29":1,"30":1,"31":1,"32":744,"33":2,"34":4,"35":4,"36":4},"f":{"0":82,"1":740,"2":745,"3":3,"4":4},"b":{"0":[64],"1":[671,71,1,1,1]},"_coverageSchema":"332fd63041d2c1bcb487cc26dd0d5f7d97098a6c","hash":"6108a90b0cbbccc83c5a50449df6dc2202bd6d25"}
,"/Users/tomking/Desktop/Turing/Module3/swapi-box/src/components/HomePage/index.js": {"path":"/Users/tomking/Desktop/Turing/Module3/swapi-box/src/components/HomePage/index.js","statementMap":{"0":{"start":{"line":3,"column":24},"end":{"line":10,"column":1}},"1":{"start":{"line":4,"column":2},"end":{"line":9,"column":4}}},"fnMap":{"0":{"name":"(anonymous_0)","decl":{"start":{"line":3,"column":24},"end":{"line":3,"column":25}},"loc":{"start":{"line":3,"column":30},"end":{"line":10,"column":1}},"line":3}},"branchMap":{},"s":{"0":3,"1":2},"f":{"0":2},"b":{},"_coverageSchema":"332fd63041d2c1bcb487cc26dd0d5f7d97098a6c","hash":"f01a12f147e41dc9b65b7488bd01675f5cfb553b"}
,"/Users/tomking/Desktop/Turing/Module3/swapi-box/src/components/Navigation/ContentRoute.js": {"path":"/Users/tomking/Desktop/Turing/Module3/swapi-box/src/components/Navigation/ContentRoute.js","statementMap":{"0":{"start":{"line":8,"column":28},"end":{"line":36,"column":1}},"1":{"start":{"line":14,"column":25},"end":{"line":14,"column":74}},"2":{"start":{"line":14,"column":60},"end":{"line":14,"column":73}},"3":{"start":{"line":15,"column":2},"end":{"line":35,"column":4}},"4":{"start":{"line":21,"column":27},"end":{"line":21,"column":32}},"5":{"start":{"line":22,"column":29},"end":{"line":22,"column":42}},"6":{"start":{"line":23,"column":10},"end":{"line":31,"column":12}},"7":{"start":{"line":38,"column":54},"end":{"line":38,"column":63}},"8":{"start":{"line":40,"column":0},"end":{"line":75,"column":2}}},"fnMap":{"0":{"name":"(anonymous_0)","decl":{"start":{"line":8,"column":28},"end":{"line":8,"column":29}},"loc":{"start":{"line":13,"column":6},"end":{"line":36,"column":1}},"line":13},"1":{"name":"(anonymous_1)","decl":{"start":{"line":14,"column":48},"end":{"line":14,"column":49}},"loc":{"start":{"line":14,"column":60},"end":{"line":14,"column":73}},"line":14},"2":{"name":"(anonymous_2)","decl":{"start":{"line":20,"column":16},"end":{"line":20,"column":17}},"loc":{"start":{"line":20,"column":29},"end":{"line":32,"column":9}},"line":20}},"branchMap":{},"s":{"0":2,"1":10,"2":22,"3":10,"4":4,"5":4,"6":4,"7":2,"8":2},"f":{"0":10,"1":22,"2":4},"b":{},"_coverageSchema":"332fd63041d2c1bcb487cc26dd0d5f7d97098a6c","hash":"09834071f628749d2191be9d3937026c04251324"}
,"/Users/tomking/Desktop/Turing/Module3/swapi-box/src/components/Navigation/NavBar.js": {"path":"/Users/tomking/Desktop/Turing/Module3/swapi-box/src/components/Navigation/NavBar.js","statementMap":{"0":{"start":{"line":6,"column":22},"end":{"line":26,"column":1}},"1":{"start":{"line":7,"column":20},"end":{"line":7,"column":66}},"2":{"start":{"line":8,"column":26},"end":{"line":20,"column":4}},"3":{"start":{"line":9,"column":4},"end":{"line":19,"column":14}},"4":{"start":{"line":21,"column":2},"end":{"line":25,"column":4}},"5":{"start":{"line":28,"column":24},"end":{"line":28,"column":33}},"6":{"start":{"line":30,"column":0},"end":{"line":33,"column":2}}},"fnMap":{"0":{"name":"(anonymous_0)","decl":{"start":{"line":6,"column":22},"end":{"line":6,"column":23}},"loc":{"start":{"line":6,"column":50},"end":{"line":26,"column":1}},"line":6},"1":{"name":"(anonymous_1)","decl":{"start":{"line":8,"column":40},"end":{"line":8,"column":41}},"loc":{"start":{"line":8,"column":57},"end":{"line":20,"column":3}},"line":8}},"branchMap":{"0":{"loc":{"start":{"line":17,"column":22},"end":{"line":17,"column":70}},"type":"cond-expr","locations":[{"start":{"line":17,"column":49},"end":{"line":17,"column":65}},{"start":{"line":17,"column":68},"end":{"line":17,"column":70}}],"line":17}},"s":{"0":2,"1":3,"2":3,"3":12,"4":3,"5":2,"6":2},"f":{"0":3,"1":12},"b":{"0":[3,9]},"_coverageSchema":"332fd63041d2c1bcb487cc26dd0d5f7d97098a6c","hash":"9b6e25aeb06bade6b83a1bb70ddf1971ff916544"}
}
