TN:
SF:/Users/tomking/Desktop/Turing/Module3/swapi-box/src/setupTests.js
FN:11,(anonymous_0)
FN:15,(anonymous_1)
FN:19,(anonymous_2)
FN:23,(anonymous_3)
FNF:4
FNH:4
FNDA:8,(anonymous_0)
FNDA:74,(anonymous_1)
FNDA:5,(anonymous_2)
FNDA:24,(anonymous_3)
DA:6,8
DA:8,8
DA:12,8
DA:16,74
DA:20,5
DA:24,24
DA:28,8
DA:29,8
DA:30,8
DA:31,8
LF:10
LH:10
BRF:0
BRH:0
end_of_record
TN:
SF:/Users/tomking/Desktop/Turing/Module3/swapi-box/src/MockData/MockData.js
FNF:0
FNH:0
DA:1,3
DA:61,3
DA:266,3
DA:630,3
DA:827,3
DA:908,3
DA:929,3
DA:948,3
DA:967,3
DA:993,3
LF:10
LH:10
BRF:0
BRH:0
end_of_record
TN:
SF:/Users/tomking/Desktop/Turing/Module3/swapi-box/src/components/App/index.js
FN:9,(anonymous_0)
FN:24,(anonymous_1)
FN:31,(anonymous_2)
FN:34,(anonymous_3)
FN:39,(anonymous_4)
FN:60,(anonymous_5)
FN:66,(anonymous_6)
FN:72,(anonymous_7)
FN:78,(anonymous_8)
FN:85,(anonymous_9)
FN:105,(anonymous_10)
FN:113,(anonymous_11)
FNF:12
FNH:12
FNDA:61,(anonymous_0)
FNDA:61,(anonymous_1)
FNDA:61,(anonymous_2)
FNDA:56,(anonymous_3)
FNDA:80,(anonymous_4)
FNDA:81,(anonymous_5)
FNDA:1,(anonymous_6)
FNDA:4,(anonymous_7)
FNDA:3,(anonymous_8)
FNDA:14,(anonymous_9)
FNDA:61,(anonymous_10)
FNDA:301,(anonymous_11)
DA:10,61
DA:11,61
DA:25,61
DA:26,61
DA:27,59
DA:28,59
DA:32,61
DA:33,61
DA:34,56
DA:35,56
DA:36,56
DA:40,80
DA:41,80
DA:42,80
DA:44,80
DA:47,80
DA:48,77
DA:51,80
DA:52,79
DA:53,79
DA:54,72
DA:56,5
DA:61,81
DA:62,69
DA:67,1
DA:68,1
DA:69,1
DA:74,4
DA:75,3
DA:77,1
DA:78,3
DA:81,4
DA:82,4
DA:86,14
DA:87,14
DA:88,14
DA:90,14
DA:92,7
DA:93,7
DA:95,5
DA:96,5
DA:98,2
DA:101,12
DA:102,12
DA:106,61
DA:107,11
DA:108,11
DA:110,61
DA:121,301
DA:123,301
LF:50
LH:50
BRDA:33,0,0,5
BRDA:33,0,1,56
BRDA:44,1,0,3
BRDA:44,1,1,77
BRDA:44,2,0,80
BRDA:44,2,1,77
BRDA:47,3,0,77
BRDA:47,3,1,3
BRDA:51,4,0,1
BRDA:51,4,1,79
BRDA:61,5,0,69
BRDA:61,5,1,12
BRDA:74,6,0,3
BRDA:74,6,1,1
BRDA:90,7,0,7
BRDA:90,7,1,5
BRDA:90,7,2,2
BRDA:92,8,0,2
BRDA:92,8,1,5
BRDA:95,9,0,1
BRDA:95,9,1,4
BRDA:106,10,0,11
BRDA:106,10,1,50
BRDA:131,11,0,301
BRDA:131,11,1,69
BRF:25
BRH:25
end_of_record
TN:
SF:/Users/tomking/Desktop/Turing/Module3/swapi-box/src/components/BackgroundScroll/index.js
FN:5,(anonymous_0)
FNF:1
FNH:1
FNDA:2,(anonymous_0)
DA:5,2
DA:12,2
DA:29,2
LF:3
LH:3
BRF:0
BRH:0
end_of_record
TN:
SF:/Users/tomking/Desktop/Turing/Module3/swapi-box/src/components/CardContainer/index.js
FN:6,(anonymous_0)
FN:22,(anonymous_1)
FN:32,(anonymous_2)
FN:33,(anonymous_3)
FNF:4
FNH:4
FNDA:13,(anonymous_0)
FNDA:15,(anonymous_1)
FNDA:1,(anonymous_2)
FNDA:1,(anonymous_3)
DA:6,3
DA:14,13
DA:15,2
DA:20,11
DA:22,10
DA:23,15
DA:24,15
DA:29,10
DA:32,1
DA:33,1
DA:40,3
DA:42,3
LF:12
LH:12
BRDA:14,0,0,2
BRDA:14,0,1,11
BRDA:14,1,0,13
BRDA:14,1,1,4
BRDA:20,2,0,1
BRDA:20,2,1,10
BRDA:30,3,0,2
BRDA:30,3,1,8
BRDA:35,4,0,10
BRDA:35,4,1,10
BRF:10
BRH:10
end_of_record
TN:
SF:/Users/tomking/Desktop/Turing/Module3/swapi-box/src/components/ContentCard/index.js
FN:5,(anonymous_0)
FN:6,(anonymous_1)
FN:15,(anonymous_2)
FNF:3
FNH:3
FNDA:20,(anonymous_0)
FNDA:72,(anonymous_1)
FNDA:1,(anonymous_2)
DA:5,4
DA:6,20
DA:7,72
DA:8,52
DA:12,20
DA:15,1
DA:20,4
DA:22,4
LF:8
LH:8
BRDA:7,0,0,20
BRDA:7,0,1,52
BRDA:8,1,0,14
BRDA:8,1,1,38
BRDA:10,2,0,38
BRDA:10,2,1,0
BRDA:13,3,0,10
BRDA:13,3,1,10
BRF:8
BRH:7
end_of_record
TN:
SF:/Users/tomking/Desktop/Turing/Module3/swapi-box/src/components/DataCleaner/DataCleaner.js
FN:1,(anonymous_0)
FN:11,(anonymous_1)
FN:21,(anonymous_2)
FN:32,(anonymous_3)
FNF:4
FNH:4
FNDA:672,(anonymous_0)
FNDA:72,(anonymous_1)
FNDA:2,(anonymous_2)
FNDA:2,(anonymous_3)
DA:1,3
DA:2,672
DA:8,672
DA:11,3
DA:12,72
DA:18,72
DA:21,3
DA:22,2
DA:29,2
DA:32,3
DA:33,2
DA:39,2
LF:12
LH:12
BRF:0
BRH:0
end_of_record
TN:
SF:/Users/tomking/Desktop/Turing/Module3/swapi-box/src/components/Fetch/FetchApi.js
FN:8,(anonymous_0)
FN:15,(anonymous_1)
FN:21,(anonymous_2)
FN:39,(anonymous_3)
FN:60,(anonymous_4)
FNF:5
FNH:5
FNDA:82,(anonymous_0)
FNDA:740,(anonymous_1)
FNDA:745,(anonymous_2)
FNDA:3,(anonymous_3)
FNDA:4,(anonymous_4)
DA:8,2
DA:9,82
DA:10,82
DA:11,82
DA:12,74
DA:13,74
DA:15,74
DA:16,740
DA:18,74
DA:21,2
DA:23,745
DA:25,671
DA:26,671
DA:27,671
DA:30,71
DA:31,71
DA:32,71
DA:33,71
DA:34,71
DA:35,71
DA:36,71
DA:39,1
DA:40,3
DA:41,3
DA:43,1
DA:44,1
DA:45,1
DA:46,1
DA:49,1
DA:50,1
DA:51,1
DA:54,1
DA:57,744
DA:60,2
DA:61,4
DA:62,4
DA:63,4
LF:37
LH:37
BRDA:8,0,0,64
BRDA:23,1,0,671
BRDA:23,1,1,71
BRDA:23,1,2,1
BRDA:23,1,3,1
BRDA:23,1,4,1
BRF:6
BRH:6
end_of_record
TN:
SF:/Users/tomking/Desktop/Turing/Module3/swapi-box/src/components/HomePage/index.js
FN:3,(anonymous_0)
FNF:1
FNH:1
FNDA:2,(anonymous_0)
DA:3,3
DA:4,2
LF:2
LH:2
BRF:0
BRH:0
end_of_record
TN:
SF:/Users/tomking/Desktop/Turing/Module3/swapi-box/src/components/Navigation/ContentRoute.js
FN:8,(anonymous_0)
FN:14,(anonymous_1)
FN:20,(anonymous_2)
FNF:3
FNH:3
FNDA:10,(anonymous_0)
FNDA:22,(anonymous_1)
FNDA:4,(anonymous_2)
DA:8,2
DA:14,22
DA:15,10
DA:21,4
DA:22,4
DA:23,4
DA:38,2
DA:40,2
LF:8
LH:8
BRF:0
BRH:0
end_of_record
TN:
SF:/Users/tomking/Desktop/Turing/Module3/swapi-box/src/components/Navigation/NavBar.js
FN:6,(anonymous_0)
FN:8,(anonymous_1)
FNF:2
FNH:2
FNDA:3,(anonymous_0)
FNDA:12,(anonymous_1)
DA:6,2
DA:7,3
DA:8,3
DA:9,12
DA:21,3
DA:28,2
DA:30,2
LF:7
LH:7
BRDA:17,0,0,3
BRDA:17,0,1,9
BRF:2
BRH:2
end_of_record
